mode: set
github.com/philips-labs/terraform-provider-unleash/main.go:31.13,39.15 5 0
github.com/philips-labs/terraform-provider-unleash/main.go:39.15,41.17 2 0
github.com/philips-labs/terraform-provider-unleash/main.go:41.17,43.4 1 0
github.com/philips-labs/terraform-provider-unleash/main.go:44.3,44.9 1 0
github.com/philips-labs/terraform-provider-unleash/main.go:47.2,47.20 1 0
github.com/philips-labs/terraform-provider-unleash/utils/strings.go:14.59,16.19 2 0
github.com/philips-labs/terraform-provider-unleash/utils/strings.go:16.19,18.3 1 0
github.com/philips-labs/terraform-provider-unleash/utils/strings.go:19.2,19.18 1 0
github.com/philips-labs/terraform-provider-unleash/utils/strings.go:22.38,24.2 1 0
github.com/philips-labs/terraform-provider-unleash/internal/provider/data_source_api_token.go:11.44,79.2 1 1
github.com/philips-labs/terraform-provider-unleash/internal/provider/data_source_api_token.go:81.109,87.16 4 0
github.com/philips-labs/terraform-provider-unleash/internal/provider/data_source_api_token.go:87.16,89.3 1 0
github.com/philips-labs/terraform-provider-unleash/internal/provider/data_source_api_token.go:90.2,95.34 5 0
github.com/philips-labs/terraform-provider-unleash/internal/provider/data_source_api_token.go:95.34,96.86 1 0
github.com/philips-labs/terraform-provider-unleash/internal/provider/data_source_api_token.go:96.86,98.4 1 0
github.com/philips-labs/terraform-provider-unleash/internal/provider/data_source_api_token.go:101.2,101.29 1 0
github.com/philips-labs/terraform-provider-unleash/internal/provider/data_source_api_token.go:101.29,103.3 1 0
github.com/philips-labs/terraform-provider-unleash/internal/provider/data_source_api_token.go:105.2,122.14 14 0
github.com/philips-labs/terraform-provider-unleash/internal/provider/data_source_api_tokens.go:12.45,80.2 1 1
github.com/philips-labs/terraform-provider-unleash/internal/provider/data_source_api_tokens.go:82.110,88.16 4 0
github.com/philips-labs/terraform-provider-unleash/internal/provider/data_source_api_tokens.go:88.16,90.3 1 0
github.com/philips-labs/terraform-provider-unleash/internal/provider/data_source_api_tokens.go:91.2,97.18 5 0
github.com/philips-labs/terraform-provider-unleash/internal/provider/data_source_api_tokens.go:97.18,100.3 2 0
github.com/philips-labs/terraform-provider-unleash/internal/provider/data_source_api_tokens.go:100.8,103.35 3 0
github.com/philips-labs/terraform-provider-unleash/internal/provider/data_source_api_tokens.go:103.35,104.108 1 0
github.com/philips-labs/terraform-provider-unleash/internal/provider/data_source_api_tokens.go:104.108,106.5 1 0
github.com/philips-labs/terraform-provider-unleash/internal/provider/data_source_api_tokens.go:108.3,108.53 1 0
github.com/philips-labs/terraform-provider-unleash/internal/provider/data_source_api_tokens.go:111.2,112.39 2 0
github.com/philips-labs/terraform-provider-unleash/internal/provider/data_source_api_tokens.go:112.39,122.3 9 0
github.com/philips-labs/terraform-provider-unleash/internal/provider/data_source_api_tokens.go:123.2,125.14 2 0
github.com/philips-labs/terraform-provider-unleash/internal/provider/data_source_api_tokens.go:128.58,132.2 3 0
github.com/philips-labs/terraform-provider-unleash/internal/provider/data_source_api_tokens.go:134.55,136.30 2 0
github.com/philips-labs/terraform-provider-unleash/internal/provider/data_source_api_tokens.go:136.30,138.3 1 0
github.com/philips-labs/terraform-provider-unleash/internal/provider/data_source_api_tokens.go:139.2,139.15 1 0
github.com/philips-labs/terraform-provider-unleash/internal/provider/data_source_api_tokens.go:142.46,143.23 1 0
github.com/philips-labs/terraform-provider-unleash/internal/provider/data_source_api_tokens.go:143.23,145.3 1 0
github.com/philips-labs/terraform-provider-unleash/internal/provider/data_source_api_tokens.go:146.2,146.23 1 0
github.com/philips-labs/terraform-provider-unleash/internal/provider/data_source_api_tokens.go:146.23,147.23 1 0
github.com/philips-labs/terraform-provider-unleash/internal/provider/data_source_api_tokens.go:147.23,149.4 1 0
github.com/philips-labs/terraform-provider-unleash/internal/provider/data_source_api_tokens.go:151.2,151.13 1 0
github.com/philips-labs/terraform-provider-unleash/internal/provider/data_source_api_tokens.go:154.42,155.22 1 0
github.com/philips-labs/terraform-provider-unleash/internal/provider/data_source_api_tokens.go:155.22,156.13 1 0
github.com/philips-labs/terraform-provider-unleash/internal/provider/data_source_api_tokens.go:156.13,158.4 1 0
github.com/philips-labs/terraform-provider-unleash/internal/provider/data_source_api_tokens.go:160.2,160.14 1 0
github.com/philips-labs/terraform-provider-unleash/internal/provider/data_source_feature.go:10.43,73.2 1 1
github.com/philips-labs/terraform-provider-unleash/internal/provider/data_source_feature.go:75.108,85.16 6 0
github.com/philips-labs/terraform-provider-unleash/internal/provider/data_source_feature.go:85.16,87.3 1 0
github.com/philips-labs/terraform-provider-unleash/internal/provider/data_source_feature.go:89.2,100.43 10 0
github.com/philips-labs/terraform-provider-unleash/internal/provider/data_source_feature.go:100.43,105.3 4 0
github.com/philips-labs/terraform-provider-unleash/internal/provider/data_source_feature.go:106.2,108.14 2 0
github.com/philips-labs/terraform-provider-unleash/internal/provider/data_source_feature_type.go:11.47,42.2 1 1
github.com/philips-labs/terraform-provider-unleash/internal/provider/data_source_feature_type.go:44.112,52.16 5 0
github.com/philips-labs/terraform-provider-unleash/internal/provider/data_source_feature_type.go:52.16,54.3 1 0
github.com/philips-labs/terraform-provider-unleash/internal/provider/data_source_feature_type.go:55.2,58.36 3 0
github.com/philips-labs/terraform-provider-unleash/internal/provider/data_source_feature_type.go:58.36,59.31 1 0
github.com/philips-labs/terraform-provider-unleash/internal/provider/data_source_feature_type.go:59.31,61.9 2 0
github.com/philips-labs/terraform-provider-unleash/internal/provider/data_source_feature_type.go:65.2,65.31 1 0
github.com/philips-labs/terraform-provider-unleash/internal/provider/data_source_feature_type.go:65.31,67.3 1 0
github.com/philips-labs/terraform-provider-unleash/internal/provider/data_source_feature_type.go:69.2,75.14 6 0
github.com/philips-labs/terraform-provider-unleash/internal/provider/data_source_project.go:10.43,55.2 1 1
github.com/philips-labs/terraform-provider-unleash/internal/provider/data_source_project.go:57.108,65.16 5 0
github.com/philips-labs/terraform-provider-unleash/internal/provider/data_source_project.go:65.16,67.3 1 0
github.com/philips-labs/terraform-provider-unleash/internal/provider/data_source_project.go:69.2,75.48 6 0
github.com/philips-labs/terraform-provider-unleash/internal/provider/data_source_project.go:75.48,79.3 3 0
github.com/philips-labs/terraform-provider-unleash/internal/provider/data_source_project.go:80.2,82.14 2 0
github.com/philips-labs/terraform-provider-unleash/internal/provider/data_source_user.go:11.40,57.2 1 1
github.com/philips-labs/terraform-provider-unleash/internal/provider/data_source_user.go:59.105,67.16 5 0
github.com/philips-labs/terraform-provider-unleash/internal/provider/data_source_user.go:67.16,69.3 1 0
github.com/philips-labs/terraform-provider-unleash/internal/provider/data_source_user.go:71.2,77.32 6 0
github.com/philips-labs/terraform-provider-unleash/internal/provider/data_source_user.go:77.32,78.40 1 0
github.com/philips-labs/terraform-provider-unleash/internal/provider/data_source_user.go:78.40,80.4 1 0
github.com/philips-labs/terraform-provider-unleash/internal/provider/data_source_user.go:82.2,85.14 3 0
github.com/philips-labs/terraform-provider-unleash/internal/provider/data_source_users.go:11.41,72.2 1 1
github.com/philips-labs/terraform-provider-unleash/internal/provider/data_source_users.go:74.106,83.16 5 0
github.com/philips-labs/terraform-provider-unleash/internal/provider/data_source_users.go:83.16,85.3 1 0
github.com/philips-labs/terraform-provider-unleash/internal/provider/data_source_users.go:87.2,90.44 3 0
github.com/philips-labs/terraform-provider-unleash/internal/provider/data_source_users.go:90.44,96.33 6 0
github.com/philips-labs/terraform-provider-unleash/internal/provider/data_source_users.go:96.33,97.33 1 0
github.com/philips-labs/terraform-provider-unleash/internal/provider/data_source_users.go:97.33,99.5 1 0
github.com/philips-labs/terraform-provider-unleash/internal/provider/data_source_users.go:101.3,103.31 3 0
github.com/philips-labs/terraform-provider-unleash/internal/provider/data_source_users.go:105.2,107.14 2 0
github.com/philips-labs/terraform-provider-unleash/internal/provider/provider.go:16.13,23.2 2 1
github.com/philips-labs/terraform-provider-unleash/internal/provider/provider.go:25.50,26.33 1 1
github.com/philips-labs/terraform-provider-unleash/internal/provider/provider.go:26.33,65.3 3 1
github.com/philips-labs/terraform-provider-unleash/internal/provider/provider.go:68.134,69.91 1 1
github.com/philips-labs/terraform-provider-unleash/internal/provider/provider.go:69.91,75.17 5 0
github.com/philips-labs/terraform-provider-unleash/internal/provider/provider.go:75.17,77.4 1 0
github.com/philips-labs/terraform-provider-unleash/internal/provider/provider.go:79.3,95.24 6 0
github.com/philips-labs/terraform-provider-unleash/internal/provider/resource_api_token.go:16.42,75.2 1 1
github.com/philips-labs/terraform-provider-unleash/internal/provider/resource_api_token.go:77.109,92.21 12 0
github.com/philips-labs/terraform-provider-unleash/internal/provider/resource_api_token.go:92.21,94.22 2 0
github.com/philips-labs/terraform-provider-unleash/internal/provider/resource_api_token.go:94.22,96.4 1 0
github.com/philips-labs/terraform-provider-unleash/internal/provider/resource_api_token.go:97.3,97.67 1 0
github.com/philips-labs/terraform-provider-unleash/internal/provider/resource_api_token.go:100.2,101.17 2 0
github.com/philips-labs/terraform-provider-unleash/internal/provider/resource_api_token.go:101.17,103.3 1 0
github.com/philips-labs/terraform-provider-unleash/internal/provider/resource_api_token.go:104.2,104.16 1 0
github.com/philips-labs/terraform-provider-unleash/internal/provider/resource_api_token.go:104.16,106.3 1 0
github.com/philips-labs/terraform-provider-unleash/internal/provider/resource_api_token.go:108.2,112.22 5 0
github.com/philips-labs/terraform-provider-unleash/internal/provider/resource_api_token.go:112.22,114.3 1 0
github.com/philips-labs/terraform-provider-unleash/internal/provider/resource_api_token.go:116.2,116.14 1 0
github.com/philips-labs/terraform-provider-unleash/internal/provider/resource_api_token.go:119.107,126.16 5 0
github.com/philips-labs/terraform-provider-unleash/internal/provider/resource_api_token.go:126.16,128.3 1 0
github.com/philips-labs/terraform-provider-unleash/internal/provider/resource_api_token.go:129.2,132.31 3 0
github.com/philips-labs/terraform-provider-unleash/internal/provider/resource_api_token.go:132.31,133.29 1 0
github.com/philips-labs/terraform-provider-unleash/internal/provider/resource_api_token.go:133.29,135.9 2 0
github.com/philips-labs/terraform-provider-unleash/internal/provider/resource_api_token.go:139.2,145.14 6 0
github.com/philips-labs/terraform-provider-unleash/internal/provider/resource_api_token.go:148.109,155.21 5 0
github.com/philips-labs/terraform-provider-unleash/internal/provider/resource_api_token.go:155.21,158.22 3 0
github.com/philips-labs/terraform-provider-unleash/internal/provider/resource_api_token.go:158.22,160.4 1 0
github.com/philips-labs/terraform-provider-unleash/internal/provider/resource_api_token.go:163.2,164.31 2 0
github.com/philips-labs/terraform-provider-unleash/internal/provider/resource_api_token.go:164.31,166.3 1 0
github.com/philips-labs/terraform-provider-unleash/internal/provider/resource_api_token.go:167.2,169.17 3 0
github.com/philips-labs/terraform-provider-unleash/internal/provider/resource_api_token.go:169.17,171.3 1 0
github.com/philips-labs/terraform-provider-unleash/internal/provider/resource_api_token.go:172.2,172.16 1 0
github.com/philips-labs/terraform-provider-unleash/internal/provider/resource_api_token.go:172.16,174.3 1 0
github.com/philips-labs/terraform-provider-unleash/internal/provider/resource_api_token.go:176.2,176.14 1 0
github.com/philips-labs/terraform-provider-unleash/internal/provider/resource_api_token.go:179.109,186.16 5 0
github.com/philips-labs/terraform-provider-unleash/internal/provider/resource_api_token.go:186.16,188.3 1 0
github.com/philips-labs/terraform-provider-unleash/internal/provider/resource_api_token.go:189.2,190.14 2 0
github.com/philips-labs/terraform-provider-unleash/internal/provider/resource_api_token.go:193.49,195.27 2 0
github.com/philips-labs/terraform-provider-unleash/internal/provider/resource_api_token.go:195.27,197.3 1 0
github.com/philips-labs/terraform-provider-unleash/internal/provider/resource_api_token.go:198.2,198.18 1 0
github.com/philips-labs/terraform-provider-unleash/internal/provider/resource_api_token.go:201.34,205.2 3 0
github.com/philips-labs/terraform-provider-unleash/internal/provider/resource_feature.go:13.41,126.2 1 1
github.com/philips-labs/terraform-provider-unleash/internal/provider/resource_feature.go:128.108,141.17 5 0
github.com/philips-labs/terraform-provider-unleash/internal/provider/resource_feature.go:141.17,143.3 1 0
github.com/philips-labs/terraform-provider-unleash/internal/provider/resource_feature.go:144.2,144.16 1 0
github.com/philips-labs/terraform-provider-unleash/internal/provider/resource_feature.go:144.16,146.3 1 0
github.com/philips-labs/terraform-provider-unleash/internal/provider/resource_feature.go:148.2,148.37 1 0
github.com/philips-labs/terraform-provider-unleash/internal/provider/resource_feature.go:148.37,151.40 3 0
github.com/philips-labs/terraform-provider-unleash/internal/provider/resource_feature.go:151.40,153.4 1 0
github.com/philips-labs/terraform-provider-unleash/internal/provider/resource_feature.go:154.3,155.18 2 0
github.com/philips-labs/terraform-provider-unleash/internal/provider/resource_feature.go:155.18,157.4 1 0
github.com/philips-labs/terraform-provider-unleash/internal/provider/resource_feature.go:158.3,158.17 1 0
github.com/philips-labs/terraform-provider-unleash/internal/provider/resource_feature.go:158.17,160.4 1 0
github.com/philips-labs/terraform-provider-unleash/internal/provider/resource_feature.go:163.2,165.22 3 0
github.com/philips-labs/terraform-provider-unleash/internal/provider/resource_feature.go:165.22,167.3 1 0
github.com/philips-labs/terraform-provider-unleash/internal/provider/resource_feature.go:169.2,169.14 1 0
github.com/philips-labs/terraform-provider-unleash/internal/provider/resource_feature.go:172.106,180.16 6 0
github.com/philips-labs/terraform-provider-unleash/internal/provider/resource_feature.go:180.16,181.29 1 0
github.com/philips-labs/terraform-provider-unleash/internal/provider/resource_feature.go:181.29,184.4 2 0
github.com/philips-labs/terraform-provider-unleash/internal/provider/resource_feature.go:185.3,185.27 1 0
github.com/philips-labs/terraform-provider-unleash/internal/provider/resource_feature.go:187.2,193.14 6 0
github.com/philips-labs/terraform-provider-unleash/internal/provider/resource_feature.go:196.108,209.17 5 0
github.com/philips-labs/terraform-provider-unleash/internal/provider/resource_feature.go:209.17,211.3 1 0
github.com/philips-labs/terraform-provider-unleash/internal/provider/resource_feature.go:212.2,212.16 1 0
github.com/philips-labs/terraform-provider-unleash/internal/provider/resource_feature.go:212.16,214.3 1 0
github.com/philips-labs/terraform-provider-unleash/internal/provider/resource_feature.go:216.2,216.28 1 0
github.com/philips-labs/terraform-provider-unleash/internal/provider/resource_feature.go:216.28,219.40 3 0
github.com/philips-labs/terraform-provider-unleash/internal/provider/resource_feature.go:219.40,221.4 1 0
github.com/philips-labs/terraform-provider-unleash/internal/provider/resource_feature.go:222.3,223.18 2 0
github.com/philips-labs/terraform-provider-unleash/internal/provider/resource_feature.go:223.18,225.4 1 0
github.com/philips-labs/terraform-provider-unleash/internal/provider/resource_feature.go:226.3,226.17 1 0
github.com/philips-labs/terraform-provider-unleash/internal/provider/resource_feature.go:226.17,228.4 1 0
github.com/philips-labs/terraform-provider-unleash/internal/provider/resource_feature.go:231.2,231.14 1 0
github.com/philips-labs/terraform-provider-unleash/internal/provider/resource_feature.go:235.108,243.16 6 0
github.com/philips-labs/terraform-provider-unleash/internal/provider/resource_feature.go:243.16,245.3 1 0
github.com/philips-labs/terraform-provider-unleash/internal/provider/resource_feature.go:246.2,247.20 2 0
github.com/philips-labs/terraform-provider-unleash/internal/provider/resource_feature.go:247.20,249.17 2 0
github.com/philips-labs/terraform-provider-unleash/internal/provider/resource_feature.go:249.17,251.4 1 0
github.com/philips-labs/terraform-provider-unleash/internal/provider/resource_feature.go:253.2,254.14 2 0
github.com/philips-labs/terraform-provider-unleash/internal/provider/resource_feature.go:257.49,259.25 2 0
github.com/philips-labs/terraform-provider-unleash/internal/provider/resource_feature.go:259.25,261.3 1 0
github.com/philips-labs/terraform-provider-unleash/internal/provider/resource_feature.go:262.2,262.18 1 0
github.com/philips-labs/terraform-provider-unleash/internal/provider/resource_feature.go:265.69,272.86 6 0
github.com/philips-labs/terraform-provider-unleash/internal/provider/resource_feature.go:272.86,279.3 3 0
github.com/philips-labs/terraform-provider-unleash/internal/provider/resource_feature.go:281.2,281.92 1 0
github.com/philips-labs/terraform-provider-unleash/internal/provider/resource_feature.go:281.92,284.44 3 0
github.com/philips-labs/terraform-provider-unleash/internal/provider/resource_feature.go:284.44,291.4 3 0
github.com/philips-labs/terraform-provider-unleash/internal/provider/resource_feature.go:292.3,292.32 1 0
github.com/philips-labs/terraform-provider-unleash/internal/provider/resource_feature.go:294.2,294.16 1 0
github.com/philips-labs/terraform-provider-unleash/internal/provider/resource_feature.go:297.60,298.21 1 0
github.com/philips-labs/terraform-provider-unleash/internal/provider/resource_feature.go:298.21,300.3 1 0
github.com/philips-labs/terraform-provider-unleash/internal/provider/resource_feature.go:302.2,304.35 2 0
github.com/philips-labs/terraform-provider-unleash/internal/provider/resource_feature.go:304.35,311.29 6 0
github.com/philips-labs/terraform-provider-unleash/internal/provider/resource_feature.go:311.29,318.4 6 0
github.com/philips-labs/terraform-provider-unleash/internal/provider/resource_feature.go:320.3,320.31 1 0
github.com/philips-labs/terraform-provider-unleash/internal/provider/resource_feature.go:320.31,322.47 2 0
github.com/philips-labs/terraform-provider-unleash/internal/provider/resource_feature.go:322.47,327.5 4 0
github.com/philips-labs/terraform-provider-unleash/internal/provider/resource_feature.go:328.4,328.38 1 0
github.com/philips-labs/terraform-provider-unleash/internal/provider/resource_feature.go:331.3,331.42 1 0
github.com/philips-labs/terraform-provider-unleash/internal/provider/resource_feature.go:334.2,334.18 1 0
github.com/philips-labs/terraform-provider-unleash/internal/provider/resource_feature_enabling.go:11.49,49.2 1 1
github.com/philips-labs/terraform-provider-unleash/internal/provider/resource_feature_enabling.go:51.116,62.23 8 0
github.com/philips-labs/terraform-provider-unleash/internal/provider/resource_feature_enabling.go:62.23,64.3 1 0
github.com/philips-labs/terraform-provider-unleash/internal/provider/resource_feature_enabling.go:66.2,68.22 3 0
github.com/philips-labs/terraform-provider-unleash/internal/provider/resource_feature_enabling.go:68.22,70.3 1 0
github.com/philips-labs/terraform-provider-unleash/internal/provider/resource_feature_enabling.go:72.2,72.14 1 0
github.com/philips-labs/terraform-provider-unleash/internal/provider/resource_feature_enabling.go:75.114,84.16 6 0
github.com/philips-labs/terraform-provider-unleash/internal/provider/resource_feature_enabling.go:84.16,85.29 1 0
github.com/philips-labs/terraform-provider-unleash/internal/provider/resource_feature_enabling.go:85.29,88.4 2 0
github.com/philips-labs/terraform-provider-unleash/internal/provider/resource_feature_enabling.go:89.3,89.27 1 0
github.com/philips-labs/terraform-provider-unleash/internal/provider/resource_feature_enabling.go:92.2,94.43 2 0
github.com/philips-labs/terraform-provider-unleash/internal/provider/resource_feature_enabling.go:94.43,95.30 1 0
github.com/philips-labs/terraform-provider-unleash/internal/provider/resource_feature_enabling.go:95.30,97.9 2 0
github.com/philips-labs/terraform-provider-unleash/internal/provider/resource_feature_enabling.go:101.2,101.14 1 0
github.com/philips-labs/terraform-provider-unleash/internal/provider/resource_feature_enabling.go:104.116,115.23 8 0
github.com/philips-labs/terraform-provider-unleash/internal/provider/resource_feature_enabling.go:115.23,117.3 1 0
github.com/philips-labs/terraform-provider-unleash/internal/provider/resource_feature_enabling.go:119.2,119.14 1 0
github.com/philips-labs/terraform-provider-unleash/internal/provider/resource_feature_enabling.go:122.116,132.16 7 0
github.com/philips-labs/terraform-provider-unleash/internal/provider/resource_feature_enabling.go:132.16,134.3 1 0
github.com/philips-labs/terraform-provider-unleash/internal/provider/resource_feature_enabling.go:135.2,136.14 2 0
github.com/philips-labs/terraform-provider-unleash/internal/provider/resource_feature_v2.go:13.43,239.2 1 1
github.com/philips-labs/terraform-provider-unleash/internal/provider/resource_feature_v2.go:241.110,254.17 5 0
github.com/philips-labs/terraform-provider-unleash/internal/provider/resource_feature_v2.go:254.17,256.3 1 0
github.com/philips-labs/terraform-provider-unleash/internal/provider/resource_feature_v2.go:257.2,257.16 1 0
github.com/philips-labs/terraform-provider-unleash/internal/provider/resource_feature_v2.go:257.16,259.3 1 0
github.com/philips-labs/terraform-provider-unleash/internal/provider/resource_feature_v2.go:261.2,261.37 1 0
github.com/philips-labs/terraform-provider-unleash/internal/provider/resource_feature_v2.go:261.37,264.40 3 0
github.com/philips-labs/terraform-provider-unleash/internal/provider/resource_feature_v2.go:264.40,266.4 1 0
github.com/philips-labs/terraform-provider-unleash/internal/provider/resource_feature_v2.go:267.3,268.32 2 0
github.com/philips-labs/terraform-provider-unleash/internal/provider/resource_feature_v2.go:268.32,272.4 3 0
github.com/philips-labs/terraform-provider-unleash/internal/provider/resource_feature_v2.go:275.2,275.41 1 0
github.com/philips-labs/terraform-provider-unleash/internal/provider/resource_feature_v2.go:275.41,277.48 2 0
github.com/philips-labs/terraform-provider-unleash/internal/provider/resource_feature_v2.go:277.48,280.52 2 0
github.com/philips-labs/terraform-provider-unleash/internal/provider/resource_feature_v2.go:280.52,282.34 2 0
github.com/philips-labs/terraform-provider-unleash/internal/provider/resource_feature_v2.go:282.34,286.6 3 0
github.com/philips-labs/terraform-provider-unleash/internal/provider/resource_feature_v2.go:289.4,290.25 2 0
github.com/philips-labs/terraform-provider-unleash/internal/provider/resource_feature_v2.go:290.25,294.5 3 0
github.com/philips-labs/terraform-provider-unleash/internal/provider/resource_feature_v2.go:297.2,297.33 1 0
github.com/philips-labs/terraform-provider-unleash/internal/provider/resource_feature_v2.go:297.33,299.32 2 0
github.com/philips-labs/terraform-provider-unleash/internal/provider/resource_feature_v2.go:299.32,302.33 3 0
github.com/philips-labs/terraform-provider-unleash/internal/provider/resource_feature_v2.go:302.33,306.5 3 0
github.com/philips-labs/terraform-provider-unleash/internal/provider/resource_feature_v2.go:311.2,313.22 3 0
github.com/philips-labs/terraform-provider-unleash/internal/provider/resource_feature_v2.go:313.22,315.3 1 0
github.com/philips-labs/terraform-provider-unleash/internal/provider/resource_feature_v2.go:317.2,317.14 1 0
github.com/philips-labs/terraform-provider-unleash/internal/provider/resource_feature_v2.go:320.108,328.16 6 0
github.com/philips-labs/terraform-provider-unleash/internal/provider/resource_feature_v2.go:328.16,329.29 1 0
github.com/philips-labs/terraform-provider-unleash/internal/provider/resource_feature_v2.go:329.29,332.4 2 0
github.com/philips-labs/terraform-provider-unleash/internal/provider/resource_feature_v2.go:333.3,333.27 1 0
github.com/philips-labs/terraform-provider-unleash/internal/provider/resource_feature_v2.go:335.2,341.41 6 0
github.com/philips-labs/terraform-provider-unleash/internal/provider/resource_feature_v2.go:341.41,344.51 2 0
github.com/philips-labs/terraform-provider-unleash/internal/provider/resource_feature_v2.go:344.51,345.45 1 0
github.com/philips-labs/terraform-provider-unleash/internal/provider/resource_feature_v2.go:345.45,346.67 1 0
github.com/philips-labs/terraform-provider-unleash/internal/provider/resource_feature_v2.go:346.67,348.6 1 0
github.com/philips-labs/terraform-provider-unleash/internal/provider/resource_feature_v2.go:352.3,352.56 1 0
github.com/philips-labs/terraform-provider-unleash/internal/provider/resource_feature_v2.go:355.2,355.33 1 0
github.com/philips-labs/terraform-provider-unleash/internal/provider/resource_feature_v2.go:355.33,357.17 2 0
github.com/philips-labs/terraform-provider-unleash/internal/provider/resource_feature_v2.go:357.17,359.4 1 0
github.com/philips-labs/terraform-provider-unleash/internal/provider/resource_feature_v2.go:360.3,361.43 2 0
github.com/philips-labs/terraform-provider-unleash/internal/provider/resource_feature_v2.go:361.43,362.41 1 0
github.com/philips-labs/terraform-provider-unleash/internal/provider/resource_feature_v2.go:362.41,363.61 1 0
github.com/philips-labs/terraform-provider-unleash/internal/provider/resource_feature_v2.go:363.61,365.6 1 0
github.com/philips-labs/terraform-provider-unleash/internal/provider/resource_feature_v2.go:369.3,369.40 1 0
github.com/philips-labs/terraform-provider-unleash/internal/provider/resource_feature_v2.go:372.2,372.14 1 0
github.com/philips-labs/terraform-provider-unleash/internal/provider/resource_feature_v2.go:375.110,388.17 5 0
github.com/philips-labs/terraform-provider-unleash/internal/provider/resource_feature_v2.go:388.17,390.3 1 0
github.com/philips-labs/terraform-provider-unleash/internal/provider/resource_feature_v2.go:391.2,391.16 1 0
github.com/philips-labs/terraform-provider-unleash/internal/provider/resource_feature_v2.go:391.16,393.3 1 0
github.com/philips-labs/terraform-provider-unleash/internal/provider/resource_feature_v2.go:395.2,395.28 1 0
github.com/philips-labs/terraform-provider-unleash/internal/provider/resource_feature_v2.go:395.28,398.40 3 0
github.com/philips-labs/terraform-provider-unleash/internal/provider/resource_feature_v2.go:398.40,400.4 1 0
github.com/philips-labs/terraform-provider-unleash/internal/provider/resource_feature_v2.go:401.3,402.18 2 0
github.com/philips-labs/terraform-provider-unleash/internal/provider/resource_feature_v2.go:402.18,404.4 1 0
github.com/philips-labs/terraform-provider-unleash/internal/provider/resource_feature_v2.go:405.3,405.17 1 0
github.com/philips-labs/terraform-provider-unleash/internal/provider/resource_feature_v2.go:405.17,407.4 1 0
github.com/philips-labs/terraform-provider-unleash/internal/provider/resource_feature_v2.go:410.2,410.24 1 0
github.com/philips-labs/terraform-provider-unleash/internal/provider/resource_feature_v2.go:410.24,418.30 6 0
github.com/philips-labs/terraform-provider-unleash/internal/provider/resource_feature_v2.go:418.30,420.36 2 0
github.com/philips-labs/terraform-provider-unleash/internal/provider/resource_feature_v2.go:420.36,422.5 1 0
github.com/philips-labs/terraform-provider-unleash/internal/provider/resource_feature_v2.go:425.3,425.30 1 0
github.com/philips-labs/terraform-provider-unleash/internal/provider/resource_feature_v2.go:425.30,427.36 2 0
github.com/philips-labs/terraform-provider-unleash/internal/provider/resource_feature_v2.go:427.36,429.5 1 0
github.com/philips-labs/terraform-provider-unleash/internal/provider/resource_feature_v2.go:432.3,433.17 2 0
github.com/philips-labs/terraform-provider-unleash/internal/provider/resource_feature_v2.go:433.17,435.4 1 0
github.com/philips-labs/terraform-provider-unleash/internal/provider/resource_feature_v2.go:438.2,438.32 1 0
github.com/philips-labs/terraform-provider-unleash/internal/provider/resource_feature_v2.go:438.32,447.30 7 0
github.com/philips-labs/terraform-provider-unleash/internal/provider/resource_feature_v2.go:447.30,449.40 2 0
github.com/philips-labs/terraform-provider-unleash/internal/provider/resource_feature_v2.go:449.40,451.5 1 0
github.com/philips-labs/terraform-provider-unleash/internal/provider/resource_feature_v2.go:451.10,453.5 1 0
github.com/philips-labs/terraform-provider-unleash/internal/provider/resource_feature_v2.go:456.3,457.30 2 0
github.com/philips-labs/terraform-provider-unleash/internal/provider/resource_feature_v2.go:457.30,460.41 3 0
github.com/philips-labs/terraform-provider-unleash/internal/provider/resource_feature_v2.go:460.41,462.5 1 0
github.com/philips-labs/terraform-provider-unleash/internal/provider/resource_feature_v2.go:465.3,465.40 1 0
github.com/philips-labs/terraform-provider-unleash/internal/provider/resource_feature_v2.go:465.40,468.35 3 0
github.com/philips-labs/terraform-provider-unleash/internal/provider/resource_feature_v2.go:468.35,469.40 1 0
github.com/philips-labs/terraform-provider-unleash/internal/provider/resource_feature_v2.go:469.40,471.6 1 0
github.com/philips-labs/terraform-provider-unleash/internal/provider/resource_feature_v2.go:473.4,473.39 1 0
github.com/philips-labs/terraform-provider-unleash/internal/provider/resource_feature_v2.go:473.39,474.42 1 0
github.com/philips-labs/terraform-provider-unleash/internal/provider/resource_feature_v2.go:474.42,476.21 2 0
github.com/philips-labs/terraform-provider-unleash/internal/provider/resource_feature_v2.go:476.21,478.7 1 0
github.com/philips-labs/terraform-provider-unleash/internal/provider/resource_feature_v2.go:479.6,479.20 1 0
github.com/philips-labs/terraform-provider-unleash/internal/provider/resource_feature_v2.go:479.20,481.7 1 0
github.com/philips-labs/terraform-provider-unleash/internal/provider/resource_feature_v2.go:482.11,484.21 2 0
github.com/philips-labs/terraform-provider-unleash/internal/provider/resource_feature_v2.go:484.21,486.7 1 0
github.com/philips-labs/terraform-provider-unleash/internal/provider/resource_feature_v2.go:487.6,487.20 1 0
github.com/philips-labs/terraform-provider-unleash/internal/provider/resource_feature_v2.go:487.20,489.7 1 0
github.com/philips-labs/terraform-provider-unleash/internal/provider/resource_feature_v2.go:493.4,493.39 1 0
github.com/philips-labs/terraform-provider-unleash/internal/provider/resource_feature_v2.go:493.39,494.43 1 0
github.com/philips-labs/terraform-provider-unleash/internal/provider/resource_feature_v2.go:494.43,496.20 2 0
github.com/philips-labs/terraform-provider-unleash/internal/provider/resource_feature_v2.go:496.20,498.7 1 0
github.com/philips-labs/terraform-provider-unleash/internal/provider/resource_feature_v2.go:502.4,503.25 2 0
github.com/philips-labs/terraform-provider-unleash/internal/provider/resource_feature_v2.go:503.25,505.5 1 0
github.com/philips-labs/terraform-provider-unleash/internal/provider/resource_feature_v2.go:508.3,508.40 1 0
github.com/philips-labs/terraform-provider-unleash/internal/provider/resource_feature_v2.go:508.40,509.52 1 0
github.com/philips-labs/terraform-provider-unleash/internal/provider/resource_feature_v2.go:509.52,511.19 2 0
github.com/philips-labs/terraform-provider-unleash/internal/provider/resource_feature_v2.go:511.19,513.6 1 0
github.com/philips-labs/terraform-provider-unleash/internal/provider/resource_feature_v2.go:515.4,516.25 2 0
github.com/philips-labs/terraform-provider-unleash/internal/provider/resource_feature_v2.go:516.25,518.5 1 0
github.com/philips-labs/terraform-provider-unleash/internal/provider/resource_feature_v2.go:521.3,521.34 1 0
github.com/philips-labs/terraform-provider-unleash/internal/provider/resource_feature_v2.go:521.34,522.49 1 0
github.com/philips-labs/terraform-provider-unleash/internal/provider/resource_feature_v2.go:522.49,524.20 2 0
github.com/philips-labs/terraform-provider-unleash/internal/provider/resource_feature_v2.go:524.20,526.6 1 0
github.com/philips-labs/terraform-provider-unleash/internal/provider/resource_feature_v2.go:527.5,527.19 1 0
github.com/philips-labs/terraform-provider-unleash/internal/provider/resource_feature_v2.go:527.19,529.6 1 0
github.com/philips-labs/terraform-provider-unleash/internal/provider/resource_feature_v2.go:531.4,532.25 2 0
github.com/philips-labs/terraform-provider-unleash/internal/provider/resource_feature_v2.go:532.25,534.5 1 0
github.com/philips-labs/terraform-provider-unleash/internal/provider/resource_feature_v2.go:537.3,538.23 2 0
github.com/philips-labs/terraform-provider-unleash/internal/provider/resource_feature_v2.go:538.23,540.4 1 0
github.com/philips-labs/terraform-provider-unleash/internal/provider/resource_feature_v2.go:543.2,543.14 1 0
github.com/philips-labs/terraform-provider-unleash/internal/provider/resource_feature_v2.go:546.52,547.27 1 0
github.com/philips-labs/terraform-provider-unleash/internal/provider/resource_feature_v2.go:547.27,549.24 2 0
github.com/philips-labs/terraform-provider-unleash/internal/provider/resource_feature_v2.go:549.24,551.4 1 0
github.com/philips-labs/terraform-provider-unleash/internal/provider/resource_feature_v2.go:553.2,553.14 1 0
github.com/philips-labs/terraform-provider-unleash/internal/provider/resource_feature_v2.go:556.59,557.25 1 0
github.com/philips-labs/terraform-provider-unleash/internal/provider/resource_feature_v2.go:557.25,559.57 2 0
github.com/philips-labs/terraform-provider-unleash/internal/provider/resource_feature_v2.go:559.57,561.4 1 0
github.com/philips-labs/terraform-provider-unleash/internal/provider/resource_feature_v2.go:563.2,563.14 1 0
github.com/philips-labs/terraform-provider-unleash/internal/provider/resource_feature_v2.go:566.62,567.31 1 0
github.com/philips-labs/terraform-provider-unleash/internal/provider/resource_feature_v2.go:567.31,568.21 1 0
github.com/philips-labs/terraform-provider-unleash/internal/provider/resource_feature_v2.go:568.21,570.4 1 0
github.com/philips-labs/terraform-provider-unleash/internal/provider/resource_feature_v2.go:572.2,572.14 1 0
github.com/philips-labs/terraform-provider-unleash/internal/provider/resource_feature_v2.go:576.110,584.16 6 0
github.com/philips-labs/terraform-provider-unleash/internal/provider/resource_feature_v2.go:584.16,586.3 1 0
github.com/philips-labs/terraform-provider-unleash/internal/provider/resource_feature_v2.go:587.2,588.20 2 0
github.com/philips-labs/terraform-provider-unleash/internal/provider/resource_feature_v2.go:588.20,590.17 2 0
github.com/philips-labs/terraform-provider-unleash/internal/provider/resource_feature_v2.go:590.17,592.4 1 0
github.com/philips-labs/terraform-provider-unleash/internal/provider/resource_feature_v2.go:594.2,595.14 2 0
github.com/philips-labs/terraform-provider-unleash/internal/provider/resource_feature_v2.go:598.81,603.96 4 0
github.com/philips-labs/terraform-provider-unleash/internal/provider/resource_feature_v2.go:603.96,605.43 2 0
github.com/philips-labs/terraform-provider-unleash/internal/provider/resource_feature_v2.go:605.43,608.21 3 0
github.com/philips-labs/terraform-provider-unleash/internal/provider/resource_feature_v2.go:608.21,613.20 3 0
github.com/philips-labs/terraform-provider-unleash/internal/provider/resource_feature_v2.go:613.20,615.6 1 0
github.com/philips-labs/terraform-provider-unleash/internal/provider/resource_feature_v2.go:616.5,616.47 1 0
github.com/philips-labs/terraform-provider-unleash/internal/provider/resource_feature_v2.go:616.47,619.33 3 0
github.com/philips-labs/terraform-provider-unleash/internal/provider/resource_feature_v2.go:619.33,621.7 1 0
github.com/philips-labs/terraform-provider-unleash/internal/provider/resource_feature_v2.go:622.6,622.44 1 0
github.com/philips-labs/terraform-provider-unleash/internal/provider/resource_feature_v2.go:624.5,624.101 1 0
github.com/philips-labs/terraform-provider-unleash/internal/provider/resource_feature_v2.go:624.101,626.49 2 0
github.com/philips-labs/terraform-provider-unleash/internal/provider/resource_feature_v2.go:626.49,637.7 3 0
github.com/philips-labs/terraform-provider-unleash/internal/provider/resource_feature_v2.go:638.6,638.40 1 0
github.com/philips-labs/terraform-provider-unleash/internal/provider/resource_feature_v2.go:640.5,640.46 1 0
github.com/philips-labs/terraform-provider-unleash/internal/provider/resource_feature_v2.go:643.3,643.38 1 0
github.com/philips-labs/terraform-provider-unleash/internal/provider/resource_feature_v2.go:645.2,645.20 1 0
github.com/philips-labs/terraform-provider-unleash/internal/provider/resource_feature_v2.go:648.72,649.25 1 0
github.com/philips-labs/terraform-provider-unleash/internal/provider/resource_feature_v2.go:649.25,651.3 1 0
github.com/philips-labs/terraform-provider-unleash/internal/provider/resource_feature_v2.go:653.2,655.35 2 0
github.com/philips-labs/terraform-provider-unleash/internal/provider/resource_feature_v2.go:655.35,660.28 4 0
github.com/philips-labs/terraform-provider-unleash/internal/provider/resource_feature_v2.go:660.28,662.44 2 0
github.com/philips-labs/terraform-provider-unleash/internal/provider/resource_feature_v2.go:662.44,668.39 6 0
github.com/philips-labs/terraform-provider-unleash/internal/provider/resource_feature_v2.go:668.39,670.6 1 0
github.com/philips-labs/terraform-provider-unleash/internal/provider/resource_feature_v2.go:671.5,672.36 2 0
github.com/philips-labs/terraform-provider-unleash/internal/provider/resource_feature_v2.go:672.36,674.54 2 0
github.com/philips-labs/terraform-provider-unleash/internal/provider/resource_feature_v2.go:674.54,683.7 8 0
github.com/philips-labs/terraform-provider-unleash/internal/provider/resource_feature_v2.go:684.6,684.46 1 0
github.com/philips-labs/terraform-provider-unleash/internal/provider/resource_feature_v2.go:686.5,686.52 1 0
github.com/philips-labs/terraform-provider-unleash/internal/provider/resource_feature_v2.go:688.4,688.44 1 0
github.com/philips-labs/terraform-provider-unleash/internal/provider/resource_feature_v2.go:691.3,691.57 1 0
github.com/philips-labs/terraform-provider-unleash/internal/provider/resource_feature_v2.go:694.2,694.23 1 0
github.com/philips-labs/terraform-provider-unleash/internal/provider/resource_feature_v2.go:697.55,698.17 1 0
github.com/philips-labs/terraform-provider-unleash/internal/provider/resource_feature_v2.go:698.17,700.3 1 0
github.com/philips-labs/terraform-provider-unleash/internal/provider/resource_feature_v2.go:702.2,703.27 2 0
github.com/philips-labs/terraform-provider-unleash/internal/provider/resource_feature_v2.go:703.27,709.3 4 0
github.com/philips-labs/terraform-provider-unleash/internal/provider/resource_feature_v2.go:710.2,710.15 1 0
github.com/philips-labs/terraform-provider-unleash/internal/provider/resource_feature_v2.go:713.64,718.2 4 0
github.com/philips-labs/terraform-provider-unleash/internal/provider/resource_strategy_assignment.go:12.52,63.2 1 1
github.com/philips-labs/terraform-provider-unleash/internal/provider/resource_strategy_assignment.go:65.119,77.40 7 0
github.com/philips-labs/terraform-provider-unleash/internal/provider/resource_strategy_assignment.go:77.40,80.17 3 0
github.com/philips-labs/terraform-provider-unleash/internal/provider/resource_strategy_assignment.go:80.17,82.4 1 0
github.com/philips-labs/terraform-provider-unleash/internal/provider/resource_strategy_assignment.go:83.3,83.22 1 0
github.com/philips-labs/terraform-provider-unleash/internal/provider/resource_strategy_assignment.go:83.22,85.4 1 0
github.com/philips-labs/terraform-provider-unleash/internal/provider/resource_strategy_assignment.go:87.3,88.45 2 0
github.com/philips-labs/terraform-provider-unleash/internal/provider/resource_strategy_assignment.go:88.45,89.63 1 0
github.com/philips-labs/terraform-provider-unleash/internal/provider/resource_strategy_assignment.go:89.63,91.5 1 0
github.com/philips-labs/terraform-provider-unleash/internal/provider/resource_strategy_assignment.go:92.4,92.66 1 0
github.com/philips-labs/terraform-provider-unleash/internal/provider/resource_strategy_assignment.go:95.3,95.47 1 0
github.com/philips-labs/terraform-provider-unleash/internal/provider/resource_strategy_assignment.go:98.2,99.17 2 0
github.com/philips-labs/terraform-provider-unleash/internal/provider/resource_strategy_assignment.go:99.17,101.3 1 0
github.com/philips-labs/terraform-provider-unleash/internal/provider/resource_strategy_assignment.go:102.2,102.16 1 0
github.com/philips-labs/terraform-provider-unleash/internal/provider/resource_strategy_assignment.go:102.16,104.3 1 0
github.com/philips-labs/terraform-provider-unleash/internal/provider/resource_strategy_assignment.go:105.2,107.22 3 0
github.com/philips-labs/terraform-provider-unleash/internal/provider/resource_strategy_assignment.go:107.22,109.3 1 0
github.com/philips-labs/terraform-provider-unleash/internal/provider/resource_strategy_assignment.go:111.2,111.14 1 0
github.com/philips-labs/terraform-provider-unleash/internal/provider/resource_strategy_assignment.go:114.117,123.16 6 0
github.com/philips-labs/terraform-provider-unleash/internal/provider/resource_strategy_assignment.go:123.16,124.29 1 0
github.com/philips-labs/terraform-provider-unleash/internal/provider/resource_strategy_assignment.go:124.29,127.4 2 0
github.com/philips-labs/terraform-provider-unleash/internal/provider/resource_strategy_assignment.go:128.3,128.27 1 0
github.com/philips-labs/terraform-provider-unleash/internal/provider/resource_strategy_assignment.go:131.2,135.16 4 0
github.com/philips-labs/terraform-provider-unleash/internal/provider/resource_strategy_assignment.go:135.16,137.3 1 0
github.com/philips-labs/terraform-provider-unleash/internal/provider/resource_strategy_assignment.go:138.2,138.21 1 0
github.com/philips-labs/terraform-provider-unleash/internal/provider/resource_strategy_assignment.go:138.21,140.3 1 0
github.com/philips-labs/terraform-provider-unleash/internal/provider/resource_strategy_assignment.go:142.2,142.43 1 0
github.com/philips-labs/terraform-provider-unleash/internal/provider/resource_strategy_assignment.go:142.43,143.30 1 0
github.com/philips-labs/terraform-provider-unleash/internal/provider/resource_strategy_assignment.go:143.30,144.51 1 0
github.com/philips-labs/terraform-provider-unleash/internal/provider/resource_strategy_assignment.go:144.51,145.45 1 0
github.com/philips-labs/terraform-provider-unleash/internal/provider/resource_strategy_assignment.go:145.45,149.48 4 0
github.com/philips-labs/terraform-provider-unleash/internal/provider/resource_strategy_assignment.go:149.48,151.7 1 0
github.com/philips-labs/terraform-provider-unleash/internal/provider/resource_strategy_assignment.go:152.6,152.46 1 0
github.com/philips-labs/terraform-provider-unleash/internal/provider/resource_strategy_assignment.go:155.4,155.9 1 0
github.com/philips-labs/terraform-provider-unleash/internal/provider/resource_strategy_assignment.go:159.2,159.14 1 0
github.com/philips-labs/terraform-provider-unleash/internal/provider/resource_strategy_assignment.go:162.119,175.40 7 0
github.com/philips-labs/terraform-provider-unleash/internal/provider/resource_strategy_assignment.go:175.40,178.17 3 0
github.com/philips-labs/terraform-provider-unleash/internal/provider/resource_strategy_assignment.go:178.17,180.4 1 0
github.com/philips-labs/terraform-provider-unleash/internal/provider/resource_strategy_assignment.go:181.3,181.19 1 0
github.com/philips-labs/terraform-provider-unleash/internal/provider/resource_strategy_assignment.go:181.19,183.4 1 0
github.com/philips-labs/terraform-provider-unleash/internal/provider/resource_strategy_assignment.go:185.3,186.42 2 0
github.com/philips-labs/terraform-provider-unleash/internal/provider/resource_strategy_assignment.go:186.42,187.54 1 0
github.com/philips-labs/terraform-provider-unleash/internal/provider/resource_strategy_assignment.go:187.54,189.5 1 0
github.com/philips-labs/terraform-provider-unleash/internal/provider/resource_strategy_assignment.go:190.4,190.57 1 0
github.com/philips-labs/terraform-provider-unleash/internal/provider/resource_strategy_assignment.go:193.3,193.40 1 0
github.com/philips-labs/terraform-provider-unleash/internal/provider/resource_strategy_assignment.go:196.2,197.17 2 0
github.com/philips-labs/terraform-provider-unleash/internal/provider/resource_strategy_assignment.go:197.17,199.3 1 0
github.com/philips-labs/terraform-provider-unleash/internal/provider/resource_strategy_assignment.go:200.2,200.16 1 0
github.com/philips-labs/terraform-provider-unleash/internal/provider/resource_strategy_assignment.go:200.16,202.3 1 0
github.com/philips-labs/terraform-provider-unleash/internal/provider/resource_strategy_assignment.go:204.2,204.14 1 0
github.com/philips-labs/terraform-provider-unleash/internal/provider/resource_strategy_assignment.go:207.119,217.16 8 0
github.com/philips-labs/terraform-provider-unleash/internal/provider/resource_strategy_assignment.go:217.16,219.3 1 0
github.com/philips-labs/terraform-provider-unleash/internal/provider/resource_strategy_assignment.go:220.2,221.14 2 0
github.com/philips-labs/terraform-provider-unleash/internal/provider/resource_user.go:15.38,68.2 1 1
github.com/philips-labs/terraform-provider-unleash/internal/provider/resource_user.go:70.105,88.17 14 0
github.com/philips-labs/terraform-provider-unleash/internal/provider/resource_user.go:88.17,90.3 1 0
github.com/philips-labs/terraform-provider-unleash/internal/provider/resource_user.go:91.2,91.16 1 0
github.com/philips-labs/terraform-provider-unleash/internal/provider/resource_user.go:91.16,93.3 1 0
github.com/philips-labs/terraform-provider-unleash/internal/provider/resource_user.go:95.2,99.22 5 0
github.com/philips-labs/terraform-provider-unleash/internal/provider/resource_user.go:99.22,101.3 1 0
github.com/philips-labs/terraform-provider-unleash/internal/provider/resource_user.go:103.2,103.14 1 0
github.com/philips-labs/terraform-provider-unleash/internal/provider/resource_user.go:106.103,113.21 4 0
github.com/philips-labs/terraform-provider-unleash/internal/provider/resource_user.go:113.21,115.3 1 0
github.com/philips-labs/terraform-provider-unleash/internal/provider/resource_user.go:116.2,117.16 2 0
github.com/philips-labs/terraform-provider-unleash/internal/provider/resource_user.go:117.16,118.29 1 0
github.com/philips-labs/terraform-provider-unleash/internal/provider/resource_user.go:118.29,121.4 2 0
github.com/philips-labs/terraform-provider-unleash/internal/provider/resource_user.go:122.3,122.27 1 0
github.com/philips-labs/terraform-provider-unleash/internal/provider/resource_user.go:124.2,128.32 4 0
github.com/philips-labs/terraform-provider-unleash/internal/provider/resource_user.go:128.32,129.33 1 0
github.com/philips-labs/terraform-provider-unleash/internal/provider/resource_user.go:129.33,131.4 1 0
github.com/philips-labs/terraform-provider-unleash/internal/provider/resource_user.go:134.2,134.14 1 0
github.com/philips-labs/terraform-provider-unleash/internal/provider/resource_user.go:137.105,153.21 12 0
github.com/philips-labs/terraform-provider-unleash/internal/provider/resource_user.go:153.21,155.3 1 0
github.com/philips-labs/terraform-provider-unleash/internal/provider/resource_user.go:156.2,157.17 2 0
github.com/philips-labs/terraform-provider-unleash/internal/provider/resource_user.go:157.17,159.3 1 0
github.com/philips-labs/terraform-provider-unleash/internal/provider/resource_user.go:160.2,160.16 1 0
github.com/philips-labs/terraform-provider-unleash/internal/provider/resource_user.go:160.16,162.3 1 0
github.com/philips-labs/terraform-provider-unleash/internal/provider/resource_user.go:164.2,164.14 1 0
github.com/philips-labs/terraform-provider-unleash/internal/provider/resource_user.go:167.105,173.21 4 0
github.com/philips-labs/terraform-provider-unleash/internal/provider/resource_user.go:173.21,175.3 1 0
github.com/philips-labs/terraform-provider-unleash/internal/provider/resource_user.go:176.2,177.16 2 0
github.com/philips-labs/terraform-provider-unleash/internal/provider/resource_user.go:177.16,179.3 1 0
github.com/philips-labs/terraform-provider-unleash/internal/provider/resource_user.go:180.2,181.14 2 0
github.com/philips-labs/terraform-provider-unleash/utils/strings.go:14.59,16.19 2 1
github.com/philips-labs/terraform-provider-unleash/utils/strings.go:16.19,18.3 1 1
github.com/philips-labs/terraform-provider-unleash/utils/strings.go:19.2,19.18 1 1
github.com/philips-labs/terraform-provider-unleash/utils/strings.go:22.38,24.2 1 1
